<?xml version="1.0" encoding="UTF-8"?>
<testsuites name="DDT_TC_Cura_Login_001_Excel" time="60.044" tests="3" failures="0" errors="0">
   <testsuite name="DDT_TC_Cura_Login_001_Excel" tests="3" failures="0" errors="0" time="60.044" skipped="0" timestamp="01-02-2024T15:28:03" hostname="vishw - DESKTOP-PJBI95V" id="Test Suites/DDT_TC_Cura_Login_001_Excel">
      <properties>
         <property name="deviceName" value=""/>
         <property name="devicePlatform" value=""/>
         <property name="logFolder" value="C:\\Users\\vishw\\git\\Katalon_Cura_Healthcare_Service\\Reports\\20240201_152754\\DDT_TC_Cura_Login_001_Excel\\20240201_152754"/>
         <property name="logFiles" value="C:\\Users\\vishw\\git\\Katalon_Cura_Healthcare_Service\\Reports\\20240201_152754\\DDT_TC_Cura_Login_001_Excel\\20240201_152754\\execution0.log"/>
         <property name="attachments" value=""/>
         <property name="hostName" value="vishw - DESKTOP-PJBI95V"/>
         <property name="os" value="Windows 10 64bit"/>
         <property name="katalonVersion" value="9.1.0.212"/>
         <property name="browser" value="Firefox 122.0"/>
         <property name="hostAddress" value="192.168.1.6"/>
         <property name="sessionId" value="de97245f-1086-4904-92af-6a4cc6f03127"/>
         <property name="seleniumVersion" value="3.141.59"/>
         <property name="proxyInformation" value="ProxyInformation { proxyOption=NO_PROXY, proxyServerType=HTTP, username=, password=********, proxyServerAddress=, proxyServerPort=0, executionList=&quot;&quot;, isApplyToDesiredCapabilities=true }"/>
         <property name="platform" value="Windows 10"/>
      </properties>
      <testcase name="Test Cases/DDT_TC_Cura_Login_001" time="15.772" classname="Test Cases/DDT_TC_Cura_Login_001" status="PASSED">
         <system-out><![CDATA[01-02-2024T15:28:04 - [TEST_CASE][PASSED] - Test Cases/DDT_TC_Cura_Login_001: Test Cases/DDT_TC_Cura_Login_001

01-02-2024T15:28:04 - [TEST_STEP][PASSED] - openBrowser(""): Browser is opened with url: ''

01-02-2024T15:28:05 - [MESSAGE][INFO] - Starting 'Firefox' driver

01-02-2024T15:28:05 - [MESSAGE][INFO] - Action delay is set to 0 milliseconds

01-02-2024T15:28:12 - [MESSAGE][PASSED] - Browser is opened with url: ''

01-02-2024T15:28:12 - [TEST_STEP][PASSED] - navigateToUrl("https://katalon-demo-cura.herokuapp.com/"): Navigate to 'https://katalon-demo-cura.herokuapp.com/' successfully

01-02-2024T15:28:15 - [MESSAGE][PASSED] - Navigate to 'https://katalon-demo-cura.herokuapp.com/' successfully

01-02-2024T15:28:15 - [TEST_STEP][PASSED] - click(findTestObject("Object Repository/Cura_Login_OR/Page_CURA Healthcare Service/a_Make Appointment")): Object: 'Object Repository/Cura_Login_OR/Page_CURA Healthcare Service/a_Make Appointment' is clicked on

01-02-2024T15:28:17 - [MESSAGE][PASSED] - Object: 'Object Repository/Cura_Login_OR/Page_CURA Healthcare Service/a_Make Appointment' is clicked on

01-02-2024T15:28:17 - [TEST_STEP][PASSED] - setText(findTestObject("Object Repository/Cura_Login_OR/Page_CURA Healthcare Service/input_Username_username"), username): Text 'John Doe' is set on object 'Object Repository/Cura_Login_OR/Page_CURA Healthcare Service/input_Username_username'

01-02-2024T15:28:17 - [MESSAGE][PASSED] - Text 'John Doe' is set on object 'Object Repository/Cura_Login_OR/Page_CURA Healthcare Service/input_Username_username'

01-02-2024T15:28:17 - [TEST_STEP][PASSED] - setText(findTestObject("Object Repository/Cura_Login_OR/Page_CURA Healthcare Service/input_Password_password"), password): Text 'ThisIsNotAPassword' is set on object 'Object Repository/Cura_Login_OR/Page_CURA Healthcare Service/input_Password_password'

01-02-2024T15:28:18 - [MESSAGE][PASSED] - Text 'ThisIsNotAPassword' is set on object 'Object Repository/Cura_Login_OR/Page_CURA Healthcare Service/input_Password_password'

01-02-2024T15:28:18 - [TEST_STEP][PASSED] - click(findTestObject("Object Repository/Cura_Login_OR/Page_CURA Healthcare Service/button_Login")): Object: 'Object Repository/Cura_Login_OR/Page_CURA Healthcare Service/button_Login' is clicked on

01-02-2024T15:28:19 - [MESSAGE][PASSED] - Object: 'Object Repository/Cura_Login_OR/Page_CURA Healthcare Service/button_Login' is clicked on

01-02-2024T15:28:19 - [TEST_STEP][PASSED] - verifyElementPresent(findTestObject("Object Repository/Cura_Login_OR/Page_CURA Healthcare Service/h2_Make Appointment"), 0): Object 'Object Repository/Cura_Login_OR/Page_CURA Healthcare Service/h2_Make Appointment' is present

01-02-2024T15:28:19 - [MESSAGE][WARNING] - Timeout '0' is invalid. Using default page load timeout: '30'

01-02-2024T15:28:19 - [MESSAGE][PASSED] - Object 'Object Repository/Cura_Login_OR/Page_CURA Healthcare Service/h2_Make Appointment' is present]]></system-out>
         <system-err><![CDATA[]]></system-err>
      </testcase>
      <testcase name="Test Cases/DDT_TC_Cura_Login_001" time="30.246" classname="Test Cases/DDT_TC_Cura_Login_001" status="PASSED">
         <system-out><![CDATA[01-02-2024T15:28:20 - [TEST_CASE][PASSED] - Test Cases/DDT_TC_Cura_Login_001: Test Cases/DDT_TC_Cura_Login_001

01-02-2024T15:28:20 - [TEST_STEP][PASSED] - openBrowser(""): Browser is opened with url: ''

01-02-2024T15:28:20 - [MESSAGE][WARNING] - A browser is already opened. Closing browser and opening a new one

01-02-2024T15:28:37 - [MESSAGE][INFO] - Starting 'Firefox' driver

01-02-2024T15:28:37 - [MESSAGE][INFO] - Action delay is set to 0 milliseconds

01-02-2024T15:28:43 - [MESSAGE][PASSED] - Browser is opened with url: ''

01-02-2024T15:28:43 - [TEST_STEP][PASSED] - navigateToUrl("https://katalon-demo-cura.herokuapp.com/"): Navigate to 'https://katalon-demo-cura.herokuapp.com/' successfully

01-02-2024T15:28:46 - [MESSAGE][PASSED] - Navigate to 'https://katalon-demo-cura.herokuapp.com/' successfully

01-02-2024T15:28:46 - [TEST_STEP][PASSED] - click(findTestObject("Object Repository/Cura_Login_OR/Page_CURA Healthcare Service/a_Make Appointment")): Object: 'Object Repository/Cura_Login_OR/Page_CURA Healthcare Service/a_Make Appointment' is clicked on

01-02-2024T15:28:47 - [MESSAGE][PASSED] - Object: 'Object Repository/Cura_Login_OR/Page_CURA Healthcare Service/a_Make Appointment' is clicked on

01-02-2024T15:28:47 - [TEST_STEP][PASSED] - setText(findTestObject("Object Repository/Cura_Login_OR/Page_CURA Healthcare Service/input_Username_username"), username): Text 'John Doe' is set on object 'Object Repository/Cura_Login_OR/Page_CURA Healthcare Service/input_Username_username'

01-02-2024T15:28:48 - [MESSAGE][PASSED] - Text 'John Doe' is set on object 'Object Repository/Cura_Login_OR/Page_CURA Healthcare Service/input_Username_username'

01-02-2024T15:28:48 - [TEST_STEP][PASSED] - setText(findTestObject("Object Repository/Cura_Login_OR/Page_CURA Healthcare Service/input_Password_password"), password): Text 'ThisIsNotAPassword' is set on object 'Object Repository/Cura_Login_OR/Page_CURA Healthcare Service/input_Password_password'

01-02-2024T15:28:48 - [MESSAGE][PASSED] - Text 'ThisIsNotAPassword' is set on object 'Object Repository/Cura_Login_OR/Page_CURA Healthcare Service/input_Password_password'

01-02-2024T15:28:48 - [TEST_STEP][PASSED] - click(findTestObject("Object Repository/Cura_Login_OR/Page_CURA Healthcare Service/button_Login")): Object: 'Object Repository/Cura_Login_OR/Page_CURA Healthcare Service/button_Login' is clicked on

01-02-2024T15:28:49 - [MESSAGE][PASSED] - Object: 'Object Repository/Cura_Login_OR/Page_CURA Healthcare Service/button_Login' is clicked on

01-02-2024T15:28:49 - [TEST_STEP][PASSED] - verifyElementPresent(findTestObject("Object Repository/Cura_Login_OR/Page_CURA Healthcare Service/h2_Make Appointment"), 0): Object 'Object Repository/Cura_Login_OR/Page_CURA Healthcare Service/h2_Make Appointment' is present

01-02-2024T15:28:49 - [MESSAGE][WARNING] - Timeout '0' is invalid. Using default page load timeout: '30'

01-02-2024T15:28:50 - [MESSAGE][PASSED] - Object 'Object Repository/Cura_Login_OR/Page_CURA Healthcare Service/h2_Make Appointment' is present]]></system-out>
         <system-err><![CDATA[]]></system-err>
      </testcase>
      <testcase name="Test Cases/DDT_TC_Cura_Login_001" time="13.241" classname="Test Cases/DDT_TC_Cura_Login_001" status="PASSED">
         <system-out><![CDATA[01-02-2024T15:28:50 - [TEST_CASE][PASSED] - Test Cases/DDT_TC_Cura_Login_001: Test Cases/DDT_TC_Cura_Login_001

01-02-2024T15:28:50 - [TEST_STEP][PASSED] - openBrowser(""): Browser is opened with url: ''

01-02-2024T15:28:50 - [MESSAGE][WARNING] - A browser is already opened. Closing browser and opening a new one

01-02-2024T15:28:51 - [MESSAGE][INFO] - Starting 'Firefox' driver

01-02-2024T15:28:51 - [MESSAGE][INFO] - Action delay is set to 0 milliseconds

01-02-2024T15:28:57 - [MESSAGE][PASSED] - Browser is opened with url: ''

01-02-2024T15:28:57 - [TEST_STEP][PASSED] - navigateToUrl("https://katalon-demo-cura.herokuapp.com/"): Navigate to 'https://katalon-demo-cura.herokuapp.com/' successfully

01-02-2024T15:28:59 - [MESSAGE][PASSED] - Navigate to 'https://katalon-demo-cura.herokuapp.com/' successfully

01-02-2024T15:28:59 - [TEST_STEP][PASSED] - click(findTestObject("Object Repository/Cura_Login_OR/Page_CURA Healthcare Service/a_Make Appointment")): Object: 'Object Repository/Cura_Login_OR/Page_CURA Healthcare Service/a_Make Appointment' is clicked on

01-02-2024T15:29:00 - [MESSAGE][PASSED] - Object: 'Object Repository/Cura_Login_OR/Page_CURA Healthcare Service/a_Make Appointment' is clicked on

01-02-2024T15:29:00 - [TEST_STEP][PASSED] - setText(findTestObject("Object Repository/Cura_Login_OR/Page_CURA Healthcare Service/input_Username_username"), username): Text 'John Doe' is set on object 'Object Repository/Cura_Login_OR/Page_CURA Healthcare Service/input_Username_username'

01-02-2024T15:29:01 - [MESSAGE][PASSED] - Text 'John Doe' is set on object 'Object Repository/Cura_Login_OR/Page_CURA Healthcare Service/input_Username_username'

01-02-2024T15:29:01 - [TEST_STEP][PASSED] - setText(findTestObject("Object Repository/Cura_Login_OR/Page_CURA Healthcare Service/input_Password_password"), password): Text 'ThisIsNotAPassword' is set on object 'Object Repository/Cura_Login_OR/Page_CURA Healthcare Service/input_Password_password'

01-02-2024T15:29:02 - [MESSAGE][PASSED] - Text 'ThisIsNotAPassword' is set on object 'Object Repository/Cura_Login_OR/Page_CURA Healthcare Service/input_Password_password'

01-02-2024T15:29:02 - [TEST_STEP][PASSED] - click(findTestObject("Object Repository/Cura_Login_OR/Page_CURA Healthcare Service/button_Login")): Object: 'Object Repository/Cura_Login_OR/Page_CURA Healthcare Service/button_Login' is clicked on

01-02-2024T15:29:03 - [MESSAGE][PASSED] - Object: 'Object Repository/Cura_Login_OR/Page_CURA Healthcare Service/button_Login' is clicked on

01-02-2024T15:29:03 - [TEST_STEP][PASSED] - verifyElementPresent(findTestObject("Object Repository/Cura_Login_OR/Page_CURA Healthcare Service/h2_Make Appointment"), 0): Object 'Object Repository/Cura_Login_OR/Page_CURA Healthcare Service/h2_Make Appointment' is present

01-02-2024T15:29:03 - [MESSAGE][WARNING] - Timeout '0' is invalid. Using default page load timeout: '30'

01-02-2024T15:29:03 - [MESSAGE][PASSED] - Object 'Object Repository/Cura_Login_OR/Page_CURA Healthcare Service/h2_Make Appointment' is present]]></system-out>
         <system-err><![CDATA[]]></system-err>
      </testcase>
      <system-out><![CDATA[01-02-2024T15:28:03 - [TEST_SUITE][PASSED] - DDT_TC_Cura_Login_001_Excel: Test Cases/DDT_TC_Cura_Login_001]]></system-out>
      <system-err><![CDATA[]]></system-err>
   </testsuite>
</testsuites>
