<?xml version="1.0" encoding="UTF-8"?>
<testsuites name="Test Suite Collection_Local_Global_Variable" time="54.555" tests="2" failures="0" errors="0">
   <testsuite name="Test Suite GlobalVar_login_001" tests="1" failures="0" errors="0" time="16.158" skipped="0" timestamp="01-02-2024T15:24:08" hostname="vishw - DESKTOP-PJBI95V" id="Test Suites/TestSuite_Local_GlobalVAr/Test Suite GlobalVar_login_001">
      <properties>
         <property name="deviceName" value=""/>
         <property name="devicePlatform" value=""/>
         <property name="logFolder" value="C:\\Users\\vishw\\git\\Katalon_Cura_Healthcare_Service\\Reports\\20240201_152353\\TestSuite_Local_GlobalVAr\\Test Suite GlobalVar_login_001\\20240201_152355"/>
         <property name="logFiles" value="C:\\Users\\vishw\\git\\Katalon_Cura_Healthcare_Service\\Reports\\20240201_152353\\TestSuite_Local_GlobalVAr\\Test Suite GlobalVar_login_001\\20240201_152355\\execution0.log"/>
         <property name="attachments" value=""/>
         <property name="hostName" value="vishw - DESKTOP-PJBI95V"/>
         <property name="os" value="Windows 10 64bit"/>
         <property name="katalonVersion" value="9.1.0.212"/>
         <property name="browser" value="Firefox 122.0"/>
         <property name="hostAddress" value="192.168.1.6"/>
         <property name="sessionId" value="b7e79de7-8fa1-4a29-8172-3e65c24b7a98"/>
         <property name="seleniumVersion" value="3.141.59"/>
         <property name="proxyInformation" value="ProxyInformation { proxyOption=NO_PROXY, proxyServerType=HTTP, username=, password=********, proxyServerAddress=, proxyServerPort=0, executionList=&quot;&quot;, isApplyToDesiredCapabilities=true }"/>
         <property name="platform" value="Windows 10"/>
      </properties>
      <testcase name="Test Cases/Local_Global_Variable/GlobalVariable_TC_Cura_Login_001" time="15.695" classname="Test Cases/Local_Global_Variable/GlobalVariable_TC_Cura_Login_001" status="PASSED">
         <system-out><![CDATA[01-02-2024T15:24:09 - [TEST_CASE][PASSED] - Test Cases/Local_Global_Variable/GlobalVariable_TC_Cura_Login_001: Test Cases/Local_Global_Variable/GlobalVariable_TC_Cura_Login_001

01-02-2024T15:24:09 - [TEST_STEP][PASSED] - openBrowser(""): Browser is opened with url: ''

01-02-2024T15:24:10 - [MESSAGE][INFO] - Starting 'Firefox' driver

01-02-2024T15:24:10 - [MESSAGE][INFO] - Action delay is set to 0 milliseconds

01-02-2024T15:24:17 - [MESSAGE][PASSED] - Browser is opened with url: ''

01-02-2024T15:24:17 - [TEST_STEP][PASSED] - navigateToUrl(url): Navigate to 'https://katalon-demo-cura.herokuapp.com/' successfully

01-02-2024T15:24:20 - [MESSAGE][PASSED] - Navigate to 'https://katalon-demo-cura.herokuapp.com/' successfully

01-02-2024T15:24:20 - [TEST_STEP][PASSED] - click(findTestObject("Cura_Login_OR/Page_CURA Healthcare Service/a_Make Appointment")): Object: 'Object Repository/Cura_Login_OR/Page_CURA Healthcare Service/a_Make Appointment' is clicked on

01-02-2024T15:24:21 - [MESSAGE][PASSED] - Object: 'Object Repository/Cura_Login_OR/Page_CURA Healthcare Service/a_Make Appointment' is clicked on

01-02-2024T15:24:21 - [TEST_STEP][PASSED] - setText(findTestObject("Cura_Login_OR/Page_CURA Healthcare Service/input_Username_username"), username): Text 'John Doe' is set on object 'Object Repository/Cura_Login_OR/Page_CURA Healthcare Service/input_Username_username'

01-02-2024T15:24:22 - [MESSAGE][PASSED] - Text 'John Doe' is set on object 'Object Repository/Cura_Login_OR/Page_CURA Healthcare Service/input_Username_username'

01-02-2024T15:24:22 - [TEST_STEP][PASSED] - setText(findTestObject("Cura_Login_OR/Page_CURA Healthcare Service/input_Password_password"), Password): Text 'ThisIsNotAPassword' is set on object 'Object Repository/Cura_Login_OR/Page_CURA Healthcare Service/input_Password_password'

01-02-2024T15:24:23 - [MESSAGE][PASSED] - Text 'ThisIsNotAPassword' is set on object 'Object Repository/Cura_Login_OR/Page_CURA Healthcare Service/input_Password_password'

01-02-2024T15:24:23 - [TEST_STEP][PASSED] - click(findTestObject("Cura_Login_OR/Page_CURA Healthcare Service/button_Login")): Object: 'Object Repository/Cura_Login_OR/Page_CURA Healthcare Service/button_Login' is clicked on

01-02-2024T15:24:24 - [MESSAGE][PASSED] - Object: 'Object Repository/Cura_Login_OR/Page_CURA Healthcare Service/button_Login' is clicked on

01-02-2024T15:24:24 - [TEST_STEP][PASSED] - verifyElementPresent(findTestObject("Cura_Login_OR/Page_CURA Healthcare Service/h2_Make Appointment"), 0): Object 'Object Repository/Cura_Login_OR/Page_CURA Healthcare Service/h2_Make Appointment' is present

01-02-2024T15:24:24 - [MESSAGE][WARNING] - Timeout '0' is invalid. Using default page load timeout: '30'

01-02-2024T15:24:24 - [MESSAGE][PASSED] - Object 'Object Repository/Cura_Login_OR/Page_CURA Healthcare Service/h2_Make Appointment' is present]]></system-out>
         <system-err><![CDATA[]]></system-err>
      </testcase>
      <system-out><![CDATA[01-02-2024T15:24:08 - [TEST_SUITE][PASSED] - Test Suite GlobalVar_login_001: Test Cases/Local_Global_Variable/GlobalVariable_TC_Cura_Login_001]]></system-out>
      <system-err><![CDATA[]]></system-err>
   </testsuite>
   <testsuite name="TestSuite_LocalVar_login_001" tests="1" failures="0" errors="0" time="15.831" skipped="0" timestamp="01-02-2024T15:24:36" hostname="vishw - DESKTOP-PJBI95V" id="Test Suites/TestSuite_Local_GlobalVAr/TestSuite_LocalVar_login_001">
      <properties>
         <property name="deviceName" value=""/>
         <property name="devicePlatform" value=""/>
         <property name="logFolder" value="C:\\Users\\vishw\\git\\Katalon_Cura_Healthcare_Service\\Reports\\20240201_152353\\TestSuite_Local_GlobalVAr\\TestSuite_LocalVar_login_001\\20240201_152357"/>
         <property name="logFiles" value="C:\\Users\\vishw\\git\\Katalon_Cura_Healthcare_Service\\Reports\\20240201_152353\\TestSuite_Local_GlobalVAr\\TestSuite_LocalVar_login_001\\20240201_152357\\execution0.log"/>
         <property name="attachments" value=""/>
         <property name="hostName" value="vishw - DESKTOP-PJBI95V"/>
         <property name="os" value="Windows 10 64bit"/>
         <property name="katalonVersion" value="9.1.0.212"/>
         <property name="browser" value="Firefox 122.0"/>
         <property name="hostAddress" value="192.168.1.6"/>
         <property name="sessionId" value="c0566ff7-a31f-4af6-b875-e60b2ceeca73"/>
         <property name="seleniumVersion" value="3.141.59"/>
         <property name="proxyInformation" value="ProxyInformation { proxyOption=NO_PROXY, proxyServerType=HTTP, username=, password=********, proxyServerAddress=, proxyServerPort=0, executionList=&quot;&quot;, isApplyToDesiredCapabilities=true }"/>
         <property name="platform" value="Windows 10"/>
      </properties>
      <testcase name="Test Cases/Local_Global_Variable/LocalVariable_TC_Cura_Login_001" time="15.383" classname="Test Cases/Local_Global_Variable/LocalVariable_TC_Cura_Login_001" status="PASSED">
         <system-out><![CDATA[01-02-2024T15:24:37 - [TEST_CASE][PASSED] - Test Cases/Local_Global_Variable/LocalVariable_TC_Cura_Login_001: Test Cases/Local_Global_Variable/LocalVariable_TC_Cura_Login_001

01-02-2024T15:24:38 - [TEST_STEP][PASSED] - openBrowser(""): Browser is opened with url: ''

01-02-2024T15:24:38 - [MESSAGE][INFO] - Starting 'Firefox' driver

01-02-2024T15:24:38 - [MESSAGE][INFO] - Action delay is set to 0 milliseconds

01-02-2024T15:24:45 - [MESSAGE][PASSED] - Browser is opened with url: ''

01-02-2024T15:24:45 - [TEST_STEP][PASSED] - navigateToUrl(url): Navigate to 'https://katalon-demo-cura.herokuapp.com/' successfully

01-02-2024T15:24:48 - [MESSAGE][PASSED] - Navigate to 'https://katalon-demo-cura.herokuapp.com/' successfully

01-02-2024T15:24:48 - [TEST_STEP][PASSED] - click(findTestObject("Cura_Login_OR/Page_CURA Healthcare Service/a_Make Appointment")): Object: 'Object Repository/Cura_Login_OR/Page_CURA Healthcare Service/a_Make Appointment' is clicked on

01-02-2024T15:24:49 - [MESSAGE][PASSED] - Object: 'Object Repository/Cura_Login_OR/Page_CURA Healthcare Service/a_Make Appointment' is clicked on

01-02-2024T15:24:49 - [TEST_STEP][PASSED] - setText(findTestObject("Cura_Login_OR/Page_CURA Healthcare Service/input_Username_username"), username): Text 'John Doe' is set on object 'Object Repository/Cura_Login_OR/Page_CURA Healthcare Service/input_Username_username'

01-02-2024T15:24:50 - [MESSAGE][PASSED] - Text 'John Doe' is set on object 'Object Repository/Cura_Login_OR/Page_CURA Healthcare Service/input_Username_username'

01-02-2024T15:24:50 - [TEST_STEP][PASSED] - setText(findTestObject("Cura_Login_OR/Page_CURA Healthcare Service/input_Password_password"), password): Text 'ThisIsNotAPassword' is set on object 'Object Repository/Cura_Login_OR/Page_CURA Healthcare Service/input_Password_password'

01-02-2024T15:24:50 - [MESSAGE][PASSED] - Text 'ThisIsNotAPassword' is set on object 'Object Repository/Cura_Login_OR/Page_CURA Healthcare Service/input_Password_password'

01-02-2024T15:24:50 - [TEST_STEP][PASSED] - click(findTestObject("Cura_Login_OR/Page_CURA Healthcare Service/button_Login")): Object: 'Object Repository/Cura_Login_OR/Page_CURA Healthcare Service/button_Login' is clicked on

01-02-2024T15:24:51 - [MESSAGE][PASSED] - Object: 'Object Repository/Cura_Login_OR/Page_CURA Healthcare Service/button_Login' is clicked on

01-02-2024T15:24:51 - [TEST_STEP][PASSED] - verifyElementPresent(findTestObject("Cura_Login_OR/Page_CURA Healthcare Service/h2_Make Appointment"), 0): Object 'Object Repository/Cura_Login_OR/Page_CURA Healthcare Service/h2_Make Appointment' is present

01-02-2024T15:24:52 - [MESSAGE][WARNING] - Timeout '0' is invalid. Using default page load timeout: '30'

01-02-2024T15:24:52 - [MESSAGE][PASSED] - Object 'Object Repository/Cura_Login_OR/Page_CURA Healthcare Service/h2_Make Appointment' is present]]></system-out>
         <system-err><![CDATA[]]></system-err>
      </testcase>
      <system-out><![CDATA[01-02-2024T15:24:36 - [TEST_SUITE][PASSED] - TestSuite_LocalVar_login_001: Test Cases/Local_Global_Variable/LocalVariable_TC_Cura_Login_001]]></system-out>
      <system-err><![CDATA[]]></system-err>
   </testsuite>
</testsuites>
